[0609/231631.592:ERROR:cache_util_win.cc(20)] Unable to move the cache: Acceso denegado. (0x5)
[0609/231631.592:ERROR:cache_util.cc(146)] Unable to move cache folder C:\Users\juand\Desktop\api-chat-bot\.wwebjs_auth\session-2\Default\GPUCache to C:\Users\juand\Desktop\api-chat-bot\.wwebjs_auth\session-2\Default\old_GPUCache_000
[0609/231631.592:ERROR:disk_cache.cc(192)] Unable to create cache
[0609/231631.592:ERROR:shader_disk_cache.cc(612)] Shader Cache Creation failed: -2
[0609/231632.344:WARNING:backend_impl.cc(1826)] Destroying invalid entry.
[0609/231633.617:ERROR:cache_util_win.cc(20)] Unable to move the cache: Acceso denegado. (0x5)
[0609/231633.618:ERROR:cache_util.cc(146)] Unable to move cache folder C:\Users\juand\Desktop\api-chat-bot\.wwebjs_auth\session-2\Default\Cache\Cache_Data to C:\Users\juand\Desktop\api-chat-bot\.wwebjs_auth\session-2\Default\Cache\old_Cache_Data_000
[0609/231633.618:ERROR:disk_cache.cc(192)] Unable to create cache
[0609/231634.613:ERROR:service_worker_storage.cc(1904)] Failed to delete the database: Database IO error
[0609/231640.251:ERROR:sandbox_origin_database.cc(190)] SandboxOriginDatabase failed at: Init@storage/browser/file_system/sandbox_origin_database.cc:94 with error: IO error: C:\Users\juand\Desktop\api-chat-bot\.wwebjs_auth\session-2\Default\File System\Origins/LOCK: File currently in use. (ChromeMethodBFE: 15::LockFile::2)
[0609/231640.251:WARNING:sandbox_origin_database.cc(106)] Attempting to repair SandboxOriginDatabase.
[0609/231640.255:ERROR:leveldb_factory.cc(88)] Failed to open LevelDB database from C:\Users\juand\Desktop\api-chat-bot\.wwebjs_auth\session-2\Default\IndexedDB\https_web.whatsapp.com_0.indexeddb.leveldb,IO error: C:\Users\juand\Desktop\api-chat-bot\.wwebjs_auth\session-2\Default\IndexedDB\https_web.whatsapp.com_0.indexeddb.leveldb/LOCK: File currently in use. (ChromeMethodBFE: 15::LockFile::2)
[0609/231642.276:ERROR:leveldb_factory.cc(88)] Failed to open LevelDB database from C:\Users\juand\Desktop\api-chat-bot\.wwebjs_auth\session-2\Default\IndexedDB\https_web.whatsapp.com_0.indexeddb.leveldb,IO error: C:\Users\juand\Desktop\api-chat-bot\.wwebjs_auth\session-2\Default\IndexedDB\https_web.whatsapp.com_0.indexeddb.leveldb/LOCK: File currently in use. (ChromeMethodBFE: 15::LockFile::2)
[0609/231643.635:INFO:CONSOLE(1)] "Uncaught (in promise) TypeError: Failed to execute 'put' on 'Cache': Partial response (status code 206) is unsupported", source: https://web.whatsapp.com/serviceworker.js (1)
[0609/231643.636:INFO:CONSOLE(1)] "Uncaught (in promise) TypeError: Failed to execute 'put' on 'Cache': Partial response (status code 206) is unsupported", source: https://web.whatsapp.com/serviceworker.js (1)
[0609/231643.698:INFO:CONSOLE(1)] "Uncaught (in promise) TypeError: Failed to execute 'put' on 'Cache': Partial response (status code 206) is unsupported", source: https://web.whatsapp.com/serviceworker.js (1)
[0609/231644.291:ERROR:leveldb_factory.cc(88)] Failed to open LevelDB database from C:\Users\juand\Desktop\api-chat-bot\.wwebjs_auth\session-2\Default\IndexedDB\https_web.whatsapp.com_0.indexeddb.leveldb,IO error: C:\Users\juand\Desktop\api-chat-bot\.wwebjs_auth\session-2\Default\IndexedDB\https_web.whatsapp.com_0.indexeddb.leveldb/LOCK: File currently in use. (ChromeMethodBFE: 15::LockFile::2)
[0609/231644.332:WARNING:sandbox_origin_database.cc(140)] Failed to repair SandboxOriginDatabase.
[0609/231646.301:ERROR:leveldb_factory.cc(88)] Failed to open LevelDB database from C:\Users\juand\Desktop\api-chat-bot\.wwebjs_auth\session-2\Default\IndexedDB\https_web.whatsapp.com_0.indexeddb.leveldb,IO error: C:\Users\juand\Desktop\api-chat-bot\.wwebjs_auth\session-2\Default\IndexedDB\https_web.whatsapp.com_0.indexeddb.leveldb/LOCK: File currently in use. (ChromeMethodBFE: 15::LockFile::2)
[0609/231646.393:ERROR:sandbox_origin_database.cc(190)] SandboxOriginDatabase failed at: Init@storage/browser/file_system/sandbox_origin_database.cc:94 with error: IO error: C:\Users\juand\Desktop\api-chat-bot\.wwebjs_auth\session-2\Default\File System\Origins/LOCK: File currently in use. (ChromeMethodBFE: 15::LockFile::2)
[0609/231646.394:WARNING:sandbox_origin_database.cc(106)] Attempting to repair SandboxOriginDatabase.
[0609/231648.324:ERROR:leveldb_factory.cc(88)] Failed to open LevelDB database from C:\Users\juand\Desktop\api-chat-bot\.wwebjs_auth\session-2\Default\IndexedDB\https_web.whatsapp.com_0.indexeddb.leveldb,IO error: C:\Users\juand\Desktop\api-chat-bot\.wwebjs_auth\session-2\Default\IndexedDB\https_web.whatsapp.com_0.indexeddb.leveldb/LOCK: File currently in use. (ChromeMethodBFE: 15::LockFile::2)
[0609/231650.336:ERROR:leveldb_factory.cc(88)] Failed to open LevelDB database from C:\Users\juand\Desktop\api-chat-bot\.wwebjs_auth\session-2\Default\IndexedDB\https_web.whatsapp.com_0.indexeddb.leveldb,IO error: C:\Users\juand\Desktop\api-chat-bot\.wwebjs_auth\session-2\Default\IndexedDB\https_web.whatsapp.com_0.indexeddb.leveldb/LOCK: File currently in use. (ChromeMethodBFE: 15::LockFile::2)
[0609/231650.464:WARNING:sandbox_origin_database.cc(140)] Failed to repair SandboxOriginDatabase.
[0609/231652.364:ERROR:leveldb_factory.cc(88)] Failed to open LevelDB database from C:\Users\juand\Desktop\api-chat-bot\.wwebjs_auth\session-2\Default\IndexedDB\https_web.whatsapp.com_0.indexeddb.leveldb,IO error: C:\Users\juand\Desktop\api-chat-bot\.wwebjs_auth\session-2\Default\IndexedDB\https_web.whatsapp.com_0.indexeddb.leveldb/LOCK: File currently in use. (ChromeMethodBFE: 15::LockFile::2)
[0609/231652.491:ERROR:sandbox_origin_database.cc(190)] SandboxOriginDatabase failed at: Init@storage/browser/file_system/sandbox_origin_database.cc:94 with error: IO error: C:\Users\juand\Desktop\api-chat-bot\.wwebjs_auth\session-2\Default\File System\Origins/LOCK: File currently in use. (ChromeMethodBFE: 15::LockFile::2)
[0609/231652.491:WARNING:sandbox_origin_database.cc(106)] Attempting to repair SandboxOriginDatabase.
[0609/231654.385:ERROR:leveldb_factory.cc(88)] Failed to open LevelDB database from C:\Users\juand\Desktop\api-chat-bot\.wwebjs_auth\session-2\Default\IndexedDB\https_web.whatsapp.com_0.indexeddb.leveldb,IO error: C:\Users\juand\Desktop\api-chat-bot\.wwebjs_auth\session-2\Default\IndexedDB\https_web.whatsapp.com_0.indexeddb.leveldb/LOCK: File currently in use. (ChromeMethodBFE: 15::LockFile::2)
[0609/231656.425:ERROR:leveldb_factory.cc(88)] Failed to open LevelDB database from C:\Users\juand\Desktop\api-chat-bot\.wwebjs_auth\session-2\Default\IndexedDB\https_web.whatsapp.com_0.indexeddb.leveldb,IO error: C:\Users\juand\Desktop\api-chat-bot\.wwebjs_auth\session-2\Default\IndexedDB\https_web.whatsapp.com_0.indexeddb.leveldb/LOCK: File currently in use. (ChromeMethodBFE: 15::LockFile::2)
[0609/231656.551:WARNING:sandbox_origin_database.cc(140)] Failed to repair SandboxOriginDatabase.
[0609/231658.443:ERROR:leveldb_factory.cc(88)] Failed to open LevelDB database from C:\Users\juand\Desktop\api-chat-bot\.wwebjs_auth\session-2\Default\IndexedDB\https_web.whatsapp.com_0.indexeddb.leveldb,IO error: C:\Users\juand\Desktop\api-chat-bot\.wwebjs_auth\session-2\Default\IndexedDB\https_web.whatsapp.com_0.indexeddb.leveldb/LOCK: File currently in use. (ChromeMethodBFE: 15::LockFile::2)
[0609/231700.462:ERROR:leveldb_factory.cc(88)] Failed to open LevelDB database from C:\Users\juand\Desktop\api-chat-bot\.wwebjs_auth\session-2\Default\IndexedDB\https_web.whatsapp.com_0.indexeddb.leveldb,IO error: C:\Users\juand\Desktop\api-chat-bot\.wwebjs_auth\session-2\Default\IndexedDB\https_web.whatsapp.com_0.indexeddb.leveldb/LOCK: File currently in use. (ChromeMethodBFE: 15::LockFile::2)
[0609/231702.476:ERROR:leveldb_factory.cc(88)] Failed to open LevelDB database from C:\Users\juand\Desktop\api-chat-bot\.wwebjs_auth\session-2\Default\IndexedDB\https_web.whatsapp.com_0.indexeddb.leveldb,IO error: C:\Users\juand\Desktop\api-chat-bot\.wwebjs_auth\session-2\Default\IndexedDB\https_web.whatsapp.com_0.indexeddb.leveldb/LOCK: File currently in use. (ChromeMethodBFE: 15::LockFile::2)
[0609/231704.499:ERROR:leveldb_factory.cc(88)] Failed to open LevelDB database from C:\Users\juand\Desktop\api-chat-bot\.wwebjs_auth\session-2\Default\IndexedDB\https_web.whatsapp.com_0.indexeddb.leveldb,IO error: C:\Users\juand\Desktop\api-chat-bot\.wwebjs_auth\session-2\Default\IndexedDB\https_web.whatsapp.com_0.indexeddb.leveldb/LOCK: File currently in use. (ChromeMethodBFE: 15::LockFile::2)
